This is pdfTeX, Version 3.14159265-2.6-1.40.19 (MiKTeX 2.9.6800) (preloaded format=pdflatex 2018.8.26)  30 SEP 2018 15:51
entering extended mode
**"/Users/christianhandest/Google Drev/Data Science/DMA/Uge 3/Ugeopgave/LaTeX/o
pg.tex"

("/Users/christianhandest/Google Drev/Data Science/DMA/Uge 3/Ugeopgave/LaTeX/op
g.tex"
LaTeX2e <2018-04-01> patch level 5
("/Library/Application Support/MiKTeX/texmfs/install/tex/latex/base/article.cls
"
Document Class: article 2014/09/29 v1.4h Standard LaTeX document class
("/Library/Application Support/MiKTeX/texmfs/install/tex/latex/base/size10.clo"
File: size10.clo 2014/09/29 v1.4h Standard LaTeX file (size option)
)
\c@part=\count80
\c@section=\count81
\c@subsection=\count82
\c@subsubsection=\count83
\c@paragraph=\count84
\c@subparagraph=\count85
\c@figure=\count86
\c@table=\count87
\abovecaptionskip=\skip41
\belowcaptionskip=\skip42
\bibindent=\dimen102
)
("/Library/Application Support/MiKTeX/texmfs/install/tex/latex/base/inputenc.st
y"
Package: inputenc 2018/04/06 v1.3b Input encoding file
\inpenc@prehook=\toks14
\inpenc@posthook=\toks15
)
("/Library/Application Support/MiKTeX/texmfs/install/tex/generic/babel/babel.st
y"
Package: babel 2018/06/05 3.22 The Babel package

("/Library/Application Support/MiKTeX/texmfs/install/tex/generic/babel/switch.d
ef"
File: switch.def 2018/06/05 3.22 Babel switching mechanism
)
*************************************
* Local config file bblopts.cfg used
*

("/Users/christianhandest/Library/Application Support/MiKTeX/texmfs/install/tex
/latex/arabi/bblopts.cfg"
File: bblopts.cfg 2005/09/08 v0.1 add Arabic and Farsi to "declared" options of
 babel
)
("/Users/christianhandest/Library/Application Support/MiKTeX/texmfs/install/tex
/latex/babel-danish/danish.ldf"
Language: danish 2009/09/19 v1.3r Danish support from the babel system

("/Library/Application Support/MiKTeX/texmfs/install/tex/generic/babel/babel.de
f"
File: babel.def 2018/06/05 3.22 Babel common definitions
\babel@savecnt=\count88
\U@D=\dimen103

("/Library/Application Support/MiKTeX/texmfs/install/tex/generic/babel/txtbabel
.def")
\bbl@dirlevel=\count89
)

Package babel Warning: No hyphenation patterns were preloaded for
(babel)                the language `Danish' into the format.
(babel)                Please, configure your TeX system to add them and
(babel)                rebuild the format. Now I will use the patterns
(babel)                preloaded for \language=0 instead on input line 49.

\l@danish = a dialect from \language0
Package babel Info: Making " an active character on input line 82.
))
("/Library/Application Support/MiKTeX/texmfs/install/tex/latex/base/fontenc.sty
"
Package: fontenc 2017/04/05 v2.0i Standard LaTeX package
 ("/Library/Application Support/MiKTeX/texmfs/install/tex/latex/base/t1enc.def"
File: t1enc.def 2017/04/05 v2.0i Standard LaTeX file
LaTeX Font Info:    Redeclaring font encoding T1 on input line 48.
))
("/Users/christianhandest/Library/Application Support/MiKTeX/texmfs/install/tex
/latex/csquotes/csquotes.sty"
Package: csquotes 2018/04/13 v5.2d context-sensitive quotations (JAW)

("/Users/christianhandest/Library/Application Support/MiKTeX/texmfs/install/tex
/latex/etoolbox/etoolbox.sty"
Package: etoolbox 2018/08/19 v2.5f e-TeX tools for LaTeX (JAW)
\etb@tempcnta=\count90
)
("/Library/Application Support/MiKTeX/texmfs/install/tex/latex/graphics/keyval.
sty"
Package: keyval 2014/10/28 v1.15 key=value parser (DPC)
\KV@toks@=\toks16
)
\csq@reset=\count91
\csq@gtype=\count92
\csq@glevel=\count93
\csq@qlevel=\count94
\csq@maxlvl=\count95
\csq@tshold=\count96
\csq@ltx@everypar=\toks17

("/Users/christianhandest/Library/Application Support/MiKTeX/texmfs/install/tex
/latex/csquotes/csquotes.def"
File: csquotes.def 2018/04/13 v5.2d csquotes generic definitions (JAW)
)
Package csquotes Info: Trying to load configuration file 'csquotes.cfg'...
Package csquotes Info: ... configuration file loaded successfully.

("/Users/christianhandest/Library/Application Support/MiKTeX/texmfs/install/tex
/latex/csquotes/csquotes.cfg"
File: csquotes.cfg 
))
("/Library/Application Support/MiKTeX/texmfs/install/tex/latex/tools/verbatim.s
ty"
Package: verbatim 2014/10/28 v1.5q LaTeX2e package for verbatim enhancements
\every@verbatim=\toks18
\verbatim@line=\toks19
\verbatim@in@stream=\read1
)
("/Library/Application Support/MiKTeX/texmfs/install/tex/latex/geometry/geometr
y.sty"
Package: geometry 2018/04/16 v5.8 Page Geometry

("/Library/Application Support/MiKTeX/texmfs/install/tex/generic/oberdiek/ifpdf
.sty"
Package: ifpdf 2017/03/15 v3.2 Provides the ifpdf switch
)
("/Library/Application Support/MiKTeX/texmfs/install/tex/generic/oberdiek/ifvte
x.sty"
Package: ifvtex 2016/05/16 v1.6 Detect VTeX and its facilities (HO)
Package ifvtex Info: VTeX not detected.
)
("/Library/Application Support/MiKTeX/texmfs/install/tex/generic/ifxetex/ifxete
x.sty"
Package: ifxetex 2010/09/12 v0.6 Provides ifxetex conditional
)
\Gm@cnth=\count97
\Gm@cntv=\count98
\c@Gm@tempcnt=\count99
\Gm@bindingoffset=\dimen104
\Gm@wd@mp=\dimen105
\Gm@odd@mp=\dimen106
\Gm@even@mp=\dimen107
\Gm@layoutwidth=\dimen108
\Gm@layoutheight=\dimen109
\Gm@layouthoffset=\dimen110
\Gm@layoutvoffset=\dimen111
\Gm@dimlist=\toks20

("/Library/Application Support/MiKTeX/texmfs/install/tex/latex/geometry/geometr
y.cfg"))
("/Library/Application Support/MiKTeX/texmfs/install/tex/latex/hyperref/hyperre
f.sty"
Package: hyperref 2018/02/06 v6.86b Hypertext links for LaTeX

("/Library/Application Support/MiKTeX/texmfs/install/tex/generic/oberdiek/hobsu
b-hyperref.sty"
Package: hobsub-hyperref 2016/05/16 v1.14 Bundle oberdiek, subset hyperref (HO)


("/Library/Application Support/MiKTeX/texmfs/install/tex/generic/oberdiek/hobsu
b-generic.sty"
Package: hobsub-generic 2016/05/16 v1.14 Bundle oberdiek, subset generic (HO)
Package: hobsub 2016/05/16 v1.14 Construct package bundles (HO)
Package: infwarerr 2016/05/16 v1.4 Providing info/warning/error messages (HO)
Package: ltxcmds 2016/05/16 v1.23 LaTeX kernel commands for general use (HO)
Package: ifluatex 2016/05/16 v1.4 Provides the ifluatex switch (HO)
Package ifluatex Info: LuaTeX not detected.
Package hobsub Info: Skipping package `ifvtex' (already loaded).
Package: intcalc 2016/05/16 v1.2 Expandable calculations with integers (HO)
Package hobsub Info: Skipping package `ifpdf' (already loaded).
Package: etexcmds 2016/05/16 v1.6 Avoid name clashes with e-TeX commands (HO)
Package etexcmds Info: Could not find \expanded.
(etexcmds)             That can mean that you are not using pdfTeX 1.50 or
(etexcmds)             that some package has redefined \expanded.
(etexcmds)             In the latter case, load this package earlier.
Package: kvsetkeys 2016/05/16 v1.17 Key value parser (HO)
Package: kvdefinekeys 2016/05/16 v1.4 Define keys (HO)
Package: pdftexcmds 2018/01/30 v0.27 Utility functions of pdfTeX for LuaTeX (HO
)
Package pdftexcmds Info: LuaTeX not detected.
Package pdftexcmds Info: \pdf@primitive is available.
Package pdftexcmds Info: \pdf@ifprimitive is available.
Package pdftexcmds Info: \pdfdraftmode found.
Package: pdfescape 2016/05/16 v1.14 Implements pdfTeX's escape features (HO)
Package: bigintcalc 2016/05/16 v1.4 Expandable calculations on big integers (HO
)
Package: bitset 2016/05/16 v1.2 Handle bit-vector datatype (HO)
Package: uniquecounter 2016/05/16 v1.3 Provide unlimited unique counter (HO)
)
Package hobsub Info: Skipping package `hobsub' (already loaded).
Package: letltxmacro 2016/05/16 v1.5 Let assignment for LaTeX macros (HO)
Package: hopatch 2016/05/16 v1.3 Wrapper for package hooks (HO)
Package: xcolor-patch 2016/05/16 xcolor patch
Package: atveryend 2016/05/16 v1.9 Hooks at the very end of document (HO)
Package: atbegshi 2016/06/09 v1.18 At begin shipout hook (HO)
Package: refcount 2016/05/16 v3.5 Data extraction from label references (HO)
Package: hycolor 2016/05/16 v1.8 Color options for hyperref/bookmark (HO)
)
("/Library/Application Support/MiKTeX/texmfs/install/tex/latex/oberdiek/auxhook
.sty"
Package: auxhook 2016/05/16 v1.4 Hooks for auxiliary files (HO)
)
("/Library/Application Support/MiKTeX/texmfs/install/tex/latex/oberdiek/kvoptio
ns.sty"
Package: kvoptions 2016/05/16 v3.12 Key value format for package options (HO)
)
\@linkdim=\dimen112
\Hy@linkcounter=\count100
\Hy@pagecounter=\count101

("/Library/Application Support/MiKTeX/texmfs/install/tex/latex/hyperref/pd1enc.
def"
File: pd1enc.def 2018/02/06 v6.86b Hyperref: PDFDocEncoding definition (HO)
Now handling font encoding PD1 ...
... no UTF-8 mapping file for font encoding PD1
)
\Hy@SavedSpaceFactor=\count102

("/Library/Application Support/MiKTeX/texmfs/install/tex/latex/00miktex/hyperre
f.cfg"
File: hyperref.cfg 2002/06/06 v1.2 hyperref configuration of TeXLive
)
Package hyperref Info: Hyper figures OFF on input line 4509.
Package hyperref Info: Link nesting OFF on input line 4514.
Package hyperref Info: Hyper index ON on input line 4517.
Package hyperref Info: Plain pages OFF on input line 4524.
Package hyperref Info: Backreferencing OFF on input line 4529.
Package hyperref Info: Implicit mode ON; LaTeX internals redefined.
Package hyperref Info: Bookmarks ON on input line 4762.
\c@Hy@tempcnt=\count103

("/Users/christianhandest/Library/Application Support/MiKTeX/texmfs/install/tex
/latex/url/url.sty"
\Urlmuskip=\muskip10
Package: url 2013/09/16  ver 3.4  Verb mode for urls, etc.
)
LaTeX Info: Redefining \url on input line 5115.
\XeTeXLinkMargin=\dimen113
\Fld@menulength=\count104
\Field@Width=\dimen114
\Fld@charsize=\dimen115
Package hyperref Info: Hyper figures OFF on input line 6369.
Package hyperref Info: Link nesting OFF on input line 6374.
Package hyperref Info: Hyper index ON on input line 6377.
Package hyperref Info: backreferencing OFF on input line 6384.
Package hyperref Info: Link coloring OFF on input line 6389.
Package hyperref Info: Link coloring with OCG OFF on input line 6394.
Package hyperref Info: PDF/A mode OFF on input line 6399.
LaTeX Info: Redefining \ref on input line 6439.
LaTeX Info: Redefining \pageref on input line 6443.
\Hy@abspage=\count105
\c@Item=\count106
\c@Hfootnote=\count107
)
Package hyperref Info: Driver (autodetected): hpdftex.

("/Library/Application Support/MiKTeX/texmfs/install/tex/latex/hyperref/hpdftex
.def"
File: hpdftex.def 2018/02/06 v6.86b Hyperref driver for pdfTeX
\Fld@listcount=\count108
\c@bookmark@seq@number=\count109

("/Library/Application Support/MiKTeX/texmfs/install/tex/latex/oberdiek/rerunfi
lecheck.sty"
Package: rerunfilecheck 2016/05/16 v1.8 Rerun checks for auxiliary files (HO)
Package uniquecounter Info: New unique counter `rerunfilecheck' on input line 2
82.
)
\Hy@SectionHShift=\skip43
)
("/Users/christianhandest/Library/Application Support/MiKTeX/texmfs/install/tex
/latex/soul/soul.sty"
Package: soul 2003/11/17 v2.4 letterspacing/underlining (mf)
\SOUL@word=\toks21
\SOUL@lasttoken=\toks22
\SOUL@cmds=\toks23
\SOUL@buffer=\toks24
\SOUL@token=\toks25
\SOUL@spaceskip=\skip44
\SOUL@ttwidth=\dimen116
\SOUL@uldp=\dimen117
\SOUL@ulht=\dimen118
)
("/Library/Application Support/MiKTeX/texmfs/install/tex/latex/graphics/graphic
x.sty"
Package: graphicx 2017/06/01 v1.1a Enhanced LaTeX Graphics (DPC,SPQR)

("/Library/Application Support/MiKTeX/texmfs/install/tex/latex/graphics/graphic
s.sty"
Package: graphics 2017/06/25 v1.2c Standard LaTeX Graphics (DPC,SPQR)

("/Library/Application Support/MiKTeX/texmfs/install/tex/latex/graphics/trig.st
y"
Package: trig 2016/01/03 v1.10 sin cos tan (DPC)
)
("/Library/Application Support/MiKTeX/texmfs/install/tex/latex/graphics-cfg/gra
phics.cfg"
File: graphics.cfg 2016/06/04 v1.11 sample graphics configuration
)
Package graphics Info: Driver file: pdftex.def on input line 99.

("/Library/Application Support/MiKTeX/texmfs/install/tex/latex/graphics-def/pdf
tex.def"
File: pdftex.def 2018/01/08 v1.0l Graphics/color driver for pdftex
))
\Gin@req@height=\dimen119
\Gin@req@width=\dimen120
)
("/Users/christianhandest/Library/Application Support/MiKTeX/texmfs/install/tex
/latex/listings/listings.sty"
\lst@mode=\count110
\lst@gtempboxa=\box26
\lst@token=\toks26
\lst@length=\count111
\lst@currlwidth=\dimen121
\lst@column=\count112
\lst@pos=\count113
\lst@lostspace=\dimen122
\lst@width=\dimen123
\lst@newlines=\count114
\lst@lineno=\count115
\lst@maxwidth=\dimen124

("/Users/christianhandest/Library/Application Support/MiKTeX/texmfs/install/tex
/latex/listings/lstmisc.sty"
File: lstmisc.sty 2018/09/02 1.7 (Carsten Heinz)
\c@lstnumber=\count116
\lst@skipnumbers=\count117
\lst@framebox=\box27
)
("/Users/christianhandest/Library/Application Support/MiKTeX/texmfs/install/tex
/latex/listings/listings.cfg"
File: listings.cfg 2018/09/02 1.7 listings configuration
))
Package: listings 2018/09/02 1.7 (Carsten Heinz)

("/Users/christianhandest/Library/Application Support/MiKTeX/texmfs/install/tex
/latex/xcolor/xcolor.sty"
Package: xcolor 2016/05/11 v2.12 LaTeX color extensions (UK)

("/Library/Application Support/MiKTeX/texmfs/install/tex/latex/graphics-cfg/col
or.cfg"
File: color.cfg 2016/01/02 v1.6 sample color configuration
)
Package xcolor Info: Driver file: pdftex.def on input line 225.

("/Users/christianhandest/Library/Application Support/MiKTeX/texmfs/install/tex
/latex/colortbl/colortbl.sty"
Package: colortbl 2018/05/02 v1.0c Color table columns (DPC)

("/Library/Application Support/MiKTeX/texmfs/install/tex/latex/tools/array.sty"
Package: array 2018/04/30 v2.4h Tabular extension package (FMi)
\col@sep=\dimen125
\ar@mcellbox=\box28
\extrarowheight=\dimen126
\NC@list=\toks27
\extratabsurround=\skip45
\backup@length=\skip46
\ar@cellbox=\box29
)
\everycr=\toks28
\minrowclearance=\skip47
)
\rownum=\count118
Package xcolor Info: Model `cmy' substituted by `cmy0' on input line 1348.
Package xcolor Info: Model `hsb' substituted by `rgb' on input line 1352.
Package xcolor Info: Model `RGB' extended on input line 1364.
Package xcolor Info: Model `HTML' substituted by `rgb' on input line 1366.
Package xcolor Info: Model `Hsb' substituted by `hsb' on input line 1367.
Package xcolor Info: Model `tHsb' substituted by `hsb' on input line 1368.
Package xcolor Info: Model `HSB' substituted by `hsb' on input line 1369.
Package xcolor Info: Model `Gray' substituted by `gray' on input line 1370.
Package xcolor Info: Model `wave' substituted by `hsb' on input line 1371.
)
("/Library/Application Support/MiKTeX/texmfs/install/tex/latex/amsmath/amsmath.
sty"
Package: amsmath 2017/09/02 v2.17a AMS math features
\@mathmargin=\skip48

For additional information on amsmath, use the `?' option.

("/Library/Application Support/MiKTeX/texmfs/install/tex/latex/amsmath/amstext.
sty"
Package: amstext 2000/06/29 v2.01 AMS text

("/Library/Application Support/MiKTeX/texmfs/install/tex/latex/amsmath/amsgen.s
ty"
File: amsgen.sty 1999/11/30 v2.0 generic functions
\@emptytoks=\toks29
\ex@=\dimen127
))
("/Library/Application Support/MiKTeX/texmfs/install/tex/latex/amsmath/amsbsy.s
ty"
Package: amsbsy 1999/11/29 v1.2d Bold Symbols
\pmbraise@=\dimen128
)
("/Library/Application Support/MiKTeX/texmfs/install/tex/latex/amsmath/amsopn.s
ty"
Package: amsopn 2016/03/08 v2.02 operator names
)
\inf@bad=\count119
LaTeX Info: Redefining \frac on input line 213.
\uproot@=\count120
\leftroot@=\count121
LaTeX Info: Redefining \overline on input line 375.
\classnum@=\count122
\DOTSCASE@=\count123
LaTeX Info: Redefining \ldots on input line 472.
LaTeX Info: Redefining \dots on input line 475.
LaTeX Info: Redefining \cdots on input line 596.
\Mathstrutbox@=\box30
\strutbox@=\box31
\big@size=\dimen129
LaTeX Font Info:    Redeclaring font encoding OML on input line 712.
LaTeX Font Info:    Redeclaring font encoding OMS on input line 713.
\macc@depth=\count124
\c@MaxMatrixCols=\count125
\dotsspace@=\muskip11
\c@parentequation=\count126
\dspbrk@lvl=\count127
\tag@help=\toks30
\row@=\count128
\column@=\count129
\maxfields@=\count130
\andhelp@=\toks31
\eqnshift@=\dimen130
\alignsep@=\dimen131
\tagshift@=\dimen132
\tagwidth@=\dimen133
\totwidth@=\dimen134
\lineht@=\dimen135
\@envbody=\toks32
\multlinegap=\skip49
\multlinetaggap=\skip50
\mathdisplay@stack=\toks33
LaTeX Info: Redefining \[ on input line 2817.
LaTeX Info: Redefining \] on input line 2818.
)
Package csquotes Info: Checking for multilingual support...
Package csquotes Info: ... found 'babel' package.
Package csquotes Info: Adjusting default style.
Package csquotes Info: Redefining alias 'default' -> 'danish'.
 (opg.aux)
\openout1 = `opg.aux'.

LaTeX Font Info:    Checking defaults for OML/cmm/m/it on input line 37.
LaTeX Font Info:    ... okay on input line 37.
LaTeX Font Info:    Checking defaults for T1/cmr/m/n on input line 37.
LaTeX Font Info:    ... okay on input line 37.
LaTeX Font Info:    Checking defaults for OT1/cmr/m/n on input line 37.
LaTeX Font Info:    ... okay on input line 37.
LaTeX Font Info:    Checking defaults for OMS/cmsy/m/n on input line 37.
LaTeX Font Info:    ... okay on input line 37.
LaTeX Font Info:    Checking defaults for OMX/cmex/m/n on input line 37.
LaTeX Font Info:    ... okay on input line 37.
LaTeX Font Info:    Checking defaults for U/cmr/m/n on input line 37.
LaTeX Font Info:    ... okay on input line 37.
LaTeX Font Info:    Checking defaults for PD1/pdf/m/n on input line 37.
LaTeX Font Info:    ... okay on input line 37.

*geometry* driver: auto-detecting
*geometry* detected driver: pdftex
*geometry* verbose mode - [ preamble ] result:
* driver: pdftex
* paper: a4paper
* layout: <same size as paper>
* layoutoffset:(h,v)=(0.0pt,0.0pt)
* modes: 
* h-part:(L,W,R)=(71.13188pt, 455.24411pt, 71.13188pt)
* v-part:(T,H,B)=(71.13188pt, 702.78308pt, 71.13188pt)
* \paperwidth=597.50787pt
* \paperheight=845.04684pt
* \textwidth=455.24411pt
* \textheight=702.78308pt
* \oddsidemargin=-1.1381pt
* \evensidemargin=-1.1381pt
* \topmargin=-38.1381pt
* \headheight=12.0pt
* \headsep=25.0pt
* \topskip=10.0pt
* \footskip=30.0pt
* \marginparwidth=57.0pt
* \marginparsep=11.0pt
* \columnsep=10.0pt
* \skip\footins=9.0pt plus 4.0pt minus 2.0pt
* \hoffset=0.0pt
* \voffset=0.0pt
* \mag=1000
* \@twocolumnfalse
* \@twosidefalse
* \@mparswitchfalse
* \@reversemarginfalse
* (1in=72.27pt=25.4mm, 1cm=28.453pt)

\AtBeginShipoutBox=\box32
Package hyperref Info: Link coloring OFF on input line 37.

("/Library/Application Support/MiKTeX/texmfs/install/tex/latex/hyperref/nameref
.sty"
Package: nameref 2016/05/21 v2.44 Cross-referencing by name of section

("/Library/Application Support/MiKTeX/texmfs/install/tex/generic/oberdiek/getti
tlestring.sty"
Package: gettitlestring 2016/05/16 v1.5 Cleanup title references (HO)
)
\c@section@level=\count131
)
LaTeX Info: Redefining \ref on input line 37.
LaTeX Info: Redefining \pageref on input line 37.
LaTeX Info: Redefining \nameref on input line 37.
 (opg.out) (opg.out)
\@outlinefile=\write3
\openout3 = `opg.out'.


("/Users/christianhandest/Library/Application Support/MiKTeX/texmfs/install/tex
/context/base/supp-pdf.mkii"
[Loading MPS to PDF converter (version 2006.09.02).]
\scratchcounter=\count132
\scratchdimen=\dimen136
\scratchbox=\box33
\nofMPsegments=\count133
\nofMParguments=\count134
\everyMPshowfont=\toks34
\MPscratchCnt=\count135
\MPscratchDim=\dimen137
\MPnumerator=\count136
\makeMPintoPDFobject=\count137
\everyMPtoPDFconversion=\toks35
)
("/Library/Application Support/MiKTeX/texmfs/install/tex/latex/oberdiek/epstopd
f-base.sty"
Package: epstopdf-base 2016/05/15 v2.6 Base part for package epstopdf

("/Library/Application Support/MiKTeX/texmfs/install/tex/latex/oberdiek/grfext.
sty"
Package: grfext 2016/05/16 v1.2 Manage graphics extensions (HO)
)
Package epstopdf-base Info: Redefining graphics rule for `.eps' on input line 4
38.
Package grfext Info: Graphics extension search list:
(grfext)             [.pdf,.png,.jpg,.mps,.jpeg,.jbig2,.jb2,.PDF,.PNG,.JPG,.JPE
G,.JBIG2,.JB2,.eps]
(grfext)             \AppendGraphicsExtensions on input line 456.
)
\c@lstlisting=\count138
Package babel Info: Redefining danish shorthand "|
(babel)             in language append on input line 44.
Package babel Info: Redefining danish shorthand "~
(babel)             in language append on input line 44.
Package babel Info: Redefining danish shorthand "|
(babel)             in language append on input line 44.
Package babel Info: Redefining danish shorthand "~
(babel)             in language append on input line 44.
 [1

{/Users/christianhandest/Library/Application Support/MiKTeX/texmfs/data/pdftex/
config/pdftex.map}]
Package babel Info: Redefining danish shorthand "|
(babel)             in language append on input line 44.
Package babel Info: Redefining danish shorthand "~
(babel)             in language append on input line 44.

Underfull \hbox (badness 10000) in paragraph at lines 49--54

 []


Underfull \hbox (badness 10000) in paragraph at lines 49--54

 []


Underfull \hbox (badness 10000) in paragraph at lines 49--54

 []

Package babel Info: Redefining danish shorthand "|
(babel)             in language append on input line 54.
Package babel Info: Redefining danish shorthand "~
(babel)             in language append on input line 54.

Underfull \hbox (badness 10000) in paragraph at lines 62--63

 []


Underfull \hbox (badness 10000) in paragraph at lines 64--70

 []

<./images/del1a.png, id=47, 585.18625pt x 518.93875pt>
File: ./images/del1a.png Graphic file (type png)
<use ./images/del1a.png>
Package pdftex.def Info: ./images/del1a.png  used on input line 81.
(pdftex.def)             Requested size: 227.62204pt x 201.85477pt.

Underfull \hbox (badness 10000) in paragraph at lines 73--86

 []


Underfull \hbox (badness 10000) in paragraph at lines 73--86

 []


Underfull \hbox (badness 10000) in paragraph at lines 73--86

 []


Underfull \hbox (badness 10000) in paragraph at lines 73--86

 []

Package babel Info: Redefining danish shorthand "|
(babel)             in language append on input line 89.
Package babel Info: Redefining danish shorthand "~
(babel)             in language append on input line 89.
Package babel Info: Redefining danish shorthand "|
(babel)             in language append on input line 89.
Package babel Info: Redefining danish shorthand "~
(babel)             in language append on input line 89.
[2 <./images/del1a.png>]
Package babel Info: Redefining danish shorthand "|
(babel)             in language append on input line 90.
Package babel Info: Redefining danish shorthand "~
(babel)             in language append on input line 90.

Underfull \hbox (badness 10000) in paragraph at lines 96--103

 []


Underfull \hbox (badness 10000) in paragraph at lines 96--103

 []

Package babel Info: Redefining danish shorthand "|
(babel)             in language append on input line 106.
Package babel Info: Redefining danish shorthand "~
(babel)             in language append on input line 106.

Underfull \hbox (badness 10000) in paragraph at lines 111--112

 []

Package babel Info: Redefining danish shorthand "|
(babel)             in language append on input line 120.
Package babel Info: Redefining danish shorthand "~
(babel)             in language append on input line 120.

Underfull \hbox (badness 10000) in paragraph at lines 122--124

 []


Underfull \hbox (badness 10000) in paragraph at lines 134--138

 []


Underfull \hbox (badness 10000) in paragraph at lines 138--140

 []


Underfull \hbox (badness 10000) in paragraph at lines 138--140

 []

Package babel Info: Redefining danish shorthand "|
(babel)             in language append on input line 146.
Package babel Info: Redefining danish shorthand "~
(babel)             in language append on input line 146.
Package babel Info: Redefining danish shorthand "|
(babel)             in language append on input line 146.
Package babel Info: Redefining danish shorthand "~
(babel)             in language append on input line 146.
[3]
Package babel Info: Redefining danish shorthand "|
(babel)             in language append on input line 147.
Package babel Info: Redefining danish shorthand "~
(babel)             in language append on input line 147.

/Users/christianhandest/Google Drev/Data Science/DMA/Uge 3/Ugeopgave/LaTeX/opg.
tex:153: Missing $ inserted
I've inserted a begin-math/end-math symbol since I think
you left one out. Proceed, with fingers crossed.

/Users/christianhandest/Google Drev/Data Science/DMA/Uge 3/Ugeopgave/LaTeX/opg.
tex:154: Missing $ inserted
I've inserted a begin-math/end-math symbol since I think
you left one out. Proceed, with fingers crossed.

/Users/christianhandest/Google Drev/Data Science/DMA/Uge 3/Ugeopgave/LaTeX/opg.
tex:154: Missing $ inserted
I've inserted a begin-math/end-math symbol since I think
you left one out. Proceed, with fingers crossed.

/Users/christianhandest/Google Drev/Data Science/DMA/Uge 3/Ugeopgave/LaTeX/opg.
tex:155: Missing $ inserted
I've inserted a begin-math/end-math symbol since I think
you left one out. Proceed, with fingers crossed.

/Users/christianhandest/Google Drev/Data Science/DMA/Uge 3/Ugeopgave/LaTeX/opg.
tex:155: Missing $ inserted
I've inserted a begin-math/end-math symbol since I think
you left one out. Proceed, with fingers crossed.

/Users/christianhandest/Google Drev/Data Science/DMA/Uge 3/Ugeopgave/LaTeX/opg.
tex:156: Missing $ inserted
I've inserted a begin-math/end-math symbol since I think
you left one out. Proceed, with fingers crossed.

/Users/christianhandest/Google Drev/Data Science/DMA/Uge 3/Ugeopgave/LaTeX/opg.
tex:156: Missing $ inserted
I've inserted a begin-math/end-math symbol since I think
you left one out. Proceed, with fingers crossed.

/Users/christianhandest/Google Drev/Data Science/DMA/Uge 3/Ugeopgave/LaTeX/opg.
tex:157: Missing $ inserted
I've inserted a begin-math/end-math symbol since I think
you left one out. Proceed, with fingers crossed.

Package babel Info: Redefining danish shorthand "|
(babel)             in language append on input line 158.
Package babel Info: Redefining danish shorthand "~
(babel)             in language append on input line 158.
/Users/christianhandest/Google Drev/Data Science/DMA/Uge 3/Ugeopgave/LaTeX/opg.
tex:164: Missing $ inserted
I've inserted a begin-math/end-math symbol since I think
you left one out. Proceed, with fingers crossed.

/Users/christianhandest/Google Drev/Data Science/DMA/Uge 3/Ugeopgave/LaTeX/opg.
tex:165: Missing $ inserted
I've inserted a begin-math/end-math symbol since I think
you left one out. Proceed, with fingers crossed.


Underfull \hbox (badness 10000) in paragraph at lines 172--175

 []


Overfull \hbox (11.81073pt too wide) in paragraph at lines 172--175
\T1/cmr/m/n/10 Af ovenstående ses et mønster, hvor der i tilfælde af det n'te l
ed i følgen er et ulige tal, er det korresponderende
 []


Underfull \hbox (badness 10000) in paragraph at lines 176--179

 []

/Users/christianhandest/Google Drev/Data Science/DMA/Uge 3/Ugeopgave/LaTeX/opg.
tex:187: Missing $ inserted
I've inserted a begin-math/end-math symbol since I think
you left one out. Proceed, with fingers crossed.

/Users/christianhandest/Google Drev/Data Science/DMA/Uge 3/Ugeopgave/LaTeX/opg.
tex:188: Missing $ inserted
I've inserted a begin-math/end-math symbol since I think
you left one out. Proceed, with fingers crossed.

/Users/christianhandest/Google Drev/Data Science/DMA/Uge 3/Ugeopgave/LaTeX/opg.
tex:199: Missing $ inserted
I've inserted a begin-math/end-math symbol since I think
you left one out. Proceed, with fingers crossed.

/Users/christianhandest/Google Drev/Data Science/DMA/Uge 3/Ugeopgave/LaTeX/opg.
tex:200: Missing $ inserted
I've inserted a begin-math/end-math symbol since I think
you left one out. Proceed, with fingers crossed.

Package babel Info: Redefining danish shorthand "|
(babel)             in language append on input line 210.
Package babel Info: Redefining danish shorthand "~
(babel)             in language append on input line 210.
Package babel Info: Redefining danish shorthand "|
(babel)             in language append on input line 226.
Package babel Info: Redefining danish shorthand "~
(babel)             in language append on input line 226.
Package babel Info: Redefining danish shorthand "|
(babel)             in language append on input line 226.
Package babel Info: Redefining danish shorthand "~
(babel)             in language append on input line 226.
[4]
Package babel Info: Redefining danish shorthand "|
(babel)             in language append on input line 236.
Package babel Info: Redefining danish shorthand "~
(babel)             in language append on input line 236.
Package atveryend Info: Empty hook `BeforeClearDocument' on input line 261.
Package babel Info: Redefining danish shorthand "|
(babel)             in language append on input line 261.
Package babel Info: Redefining danish shorthand "~
(babel)             in language append on input line 261.
Package babel Info: Redefining danish shorthand "|
(babel)             in language append on input line 261.
Package babel Info: Redefining danish shorthand "~
(babel)             in language append on input line 261.
 [5]
Package atveryend Info: Empty hook `AfterLastShipout' on input line 261.
 (opg.aux)
Package atveryend Info: Executing hook `AtVeryEndDocument' on input line 261.
Package atveryend Info: Executing hook `AtEndAfterFileList' on input line 261.
Package rerunfilecheck Info: File `opg.out' has not changed.
(rerunfilecheck)             Checksum: AD40FFCE769053465096FD66287D2E89;450.
 ) 
Here is how much of TeX's memory you used:
 9720 strings out of 494891
 141167 string characters out of 3177636
 263534 words of memory out of 3000000
 13215 multiletter control sequences out of 15000+200000
 13207 words of font info for 36 fonts, out of 3000000 for 9000
 0 hyphenation exceptions out of 8191
 41i,10n,35p,890b,390s stack positions out of 5000i,500n,10000p,200000b,50000s
 </Users/christianhandest/Library/Application Support/MiKTeX/texmfs/data/font
s/pk/ljfour/jknappen/ec/dpi600/ecbx1200.pk> </Users/christianhandest/Library/Ap
plication Support/MiKTeX/texmfs/data/fonts/pk/ljfour/jknappen/ec/dpi600/ecbx100
0.pk> </Users/christianhandest/Library/Application Support/MiKTeX/texmfs/data/f
onts/pk/ljfour/jknappen/ec/dpi600/ecbx1440.pk> </Users/christianhandest/Library
/Application Support/MiKTeX/texmfs/data/fonts/pk/ljfour/jknappen/ec/dpi600/ecrm
1000.pk> </Users/christianhandest/Library/Application Support/MiKTeX/texmfs/dat
a/fonts/pk/ljfour/jknappen/ec/dpi600/ecrm1200.pk> </Users/christianhandest/Libr
ary/Application Support/MiKTeX/texmfs/data/fonts/pk/ljfour/jknappen/ec/dpi600/e
crm1728.pk></Library/Application Support/MiKTeX/texmfs/install/fonts/type1/publ
ic/amsfonts/cm/cmex10.pfb></Library/Application Support/MiKTeX/texmfs/install/f
onts/type1/public/amsfonts/cm/cmmi10.pfb></Library/Application Support/MiKTeX/t
exmfs/install/fonts/type1/public/amsfonts/cm/cmmi7.pfb></Library/Application Su
pport/MiKTeX/texmfs/install/fonts/type1/public/amsfonts/cm/cmr10.pfb></Library/
Application Support/MiKTeX/texmfs/install/fonts/type1/public/amsfonts/cm/cmr5.p
fb></Library/Application Support/MiKTeX/texmfs/install/fonts/type1/public/amsfo
nts/cm/cmr7.pfb></Library/Application Support/MiKTeX/texmfs/install/fonts/type1
/public/amsfonts/cm/cmsy10.pfb></Library/Application Support/MiKTeX/texmfs/inst
all/fonts/type1/public/amsfonts/cm/cmsy7.pfb>
Output written on opg.pdf (5 pages, 248842 bytes).
PDF statistics:
 301 PDF objects out of 1000 (max. 8388607)
 15 named destinations out of 1000 (max. 500000)
 78 words of extra memory for PDF output out of 10000 (max. 10000000)

